Using pre-set license
Built from '2022.3/staging' branch; Version is '2022.3.6f1 (b9e6e7e9fa2d) revision 12183271'; Using compiler version '192829333'; Build Type 'Release'
OS: 'Windows 11  (10.0.22631) 64bit Core' Language: 'en' Physical Memory: 32670 MB
BatchMode: 1, IsHumanControllingUs: 0, StartBugReporterOnCrash: 0, Is64bit: 1, IsPro: 1

COMMAND LINE ARGUMENTS:
C:\Program Files\Unity 2022.3.6f1\Editor\Unity.exe
-adb2
-batchMode
-noUpm
-name
AssetImportWorker0
-projectPath
C:/Users/TheRe/OneDrive - UWE Bristol/SecondYear/Po3dE/Sem2/Po3DE-Unity
-logFile
Logs/AssetImportWorker0.log
-srvPort
56742
Successfully changed project path to: C:/Users/TheRe/OneDrive - UWE Bristol/SecondYear/Po3dE/Sem2/Po3DE-Unity
C:/Users/TheRe/OneDrive - UWE Bristol/SecondYear/Po3dE/Sem2/Po3DE-Unity
[UnityMemory] Configuration Parameters - Can be set up in boot.config
    "memorysetup-bucket-allocator-granularity=16"
    "memorysetup-bucket-allocator-bucket-count=8"
    "memorysetup-bucket-allocator-block-size=33554432"
    "memorysetup-bucket-allocator-block-count=8"
    "memorysetup-main-allocator-block-size=16777216"
    "memorysetup-thread-allocator-block-size=16777216"
    "memorysetup-gfx-main-allocator-block-size=16777216"
    "memorysetup-gfx-thread-allocator-block-size=16777216"
    "memorysetup-cache-allocator-block-size=4194304"
    "memorysetup-typetree-allocator-block-size=2097152"
    "memorysetup-profiler-bucket-allocator-granularity=16"
    "memorysetup-profiler-bucket-allocator-bucket-count=8"
    "memorysetup-profiler-bucket-allocator-block-size=33554432"
    "memorysetup-profiler-bucket-allocator-block-count=8"
    "memorysetup-profiler-allocator-block-size=16777216"
    "memorysetup-profiler-editor-allocator-block-size=1048576"
    "memorysetup-temp-allocator-size-main=16777216"
    "memorysetup-job-temp-allocator-block-size=2097152"
    "memorysetup-job-temp-allocator-block-size-background=1048576"
    "memorysetup-job-temp-allocator-reduction-small-platforms=262144"
    "memorysetup-allocator-temp-initial-block-size-main=262144"
    "memorysetup-allocator-temp-initial-block-size-worker=262144"
    "memorysetup-temp-allocator-size-background-worker=32768"
    "memorysetup-temp-allocator-size-job-worker=262144"
    "memorysetup-temp-allocator-size-preload-manager=33554432"
    "memorysetup-temp-allocator-size-nav-mesh-worker=65536"
    "memorysetup-temp-allocator-size-audio-worker=65536"
    "memorysetup-temp-allocator-size-cloud-worker=32768"
    "memorysetup-temp-allocator-size-gi-baking-worker=262144"
    "memorysetup-temp-allocator-size-gfx=262144"
Player connection [8664] Host "[IP] 192.168.0.103 [Port] 0 [Flags] 2 [Guid] 3415271878 [EditorId] 3415271878 [Version] 1048832 [Id] WindowsEditor(7,DESKTOP-MIO14L9) [Debug] 1 [PackageName] WindowsEditor [ProjectName] Editor" joined multi-casting on [225.0.0.222:54997]...

Player connection [8664] Host "[IP] 192.168.0.103 [Port] 0 [Flags] 2 [Guid] 3415271878 [EditorId] 3415271878 [Version] 1048832 [Id] WindowsEditor(7,DESKTOP-MIO14L9) [Debug] 1 [PackageName] WindowsEditor [ProjectName] Editor" joined alternative multi-casting on [225.0.0.222:34997]...

Refreshing native plugins compatible for Editor in 8.54 ms, found 3 plugins.
Preloading 0 native plugins for Editor in 0.00 ms.
Initialize engine version: 2022.3.6f1 (b9e6e7e9fa2d)
[Subsystems] Discovering subsystems at path C:/Program Files/Unity 2022.3.6f1/Editor/Data/Resources/UnitySubsystems
[Subsystems] Discovering subsystems at path C:/Users/TheRe/OneDrive - UWE Bristol/SecondYear/Po3dE/Sem2/Po3DE-Unity/Assets
GfxDevice: creating device client; threaded=0; jobified=0
Direct3D:
    Version:  Direct3D 11.0 [level 11.1]
    Renderer: NVIDIA GeForce RTX 3070 (ID=0x2484)
    Vendor:   NVIDIA
    VRAM:     8018 MB
    Driver:   31.0.15.5123
Initialize mono
Mono path[0] = 'C:/Program Files/Unity 2022.3.6f1/Editor/Data/Managed'
Mono path[1] = 'C:/Program Files/Unity 2022.3.6f1/Editor/Data/MonoBleedingEdge/lib/mono/unityjit-win32'
Mono config path = 'C:/Program Files/Unity 2022.3.6f1/Editor/Data/MonoBleedingEdge/etc'
Using monoOptions --debugger-agent=transport=dt_socket,embedding=1,server=y,suspend=n,address=127.0.0.1:56392
Begin MonoManager ReloadAssembly
Registering precompiled unity dll's ...
Register platform support module: C:/Program Files/Unity 2022.3.6f1/Editor/Data/PlaybackEngines/WindowsStandaloneSupport/UnityEditor.WindowsStandalone.Extensions.dll
Registered in 0.005769 seconds.
- Loaded All Assemblies, in  0.330 seconds
Native extension for WindowsStandalone target not found
Mono: successfully reloaded assembly
- Finished resetting the current domain, in  0.239 seconds
Domain Reload Profiling: 566ms
	BeginReloadAssembly (86ms)
		ExecutionOrderSort (0ms)
		DisableScriptedObjects (0ms)
		BackupInstance (0ms)
		ReleaseScriptingObjects (0ms)
		CreateAndSetChildDomain (1ms)
	RebuildCommonClasses (37ms)
	RebuildNativeTypeToScriptingClass (11ms)
	initialDomainReloadingComplete (59ms)
	LoadAllAssembliesAndSetupDomain (134ms)
		LoadAssemblies (83ms)
		RebuildTransferFunctionScriptingTraits (0ms)
		AnalyzeDomain (127ms)
			TypeCache.Refresh (125ms)
				TypeCache.ScanAssembly (115ms)
			ScanForSourceGeneratedMonoScriptInfo (1ms)
			ResolveRequiredComponents (0ms)
	FinalizeReload (239ms)
		ReleaseScriptCaches (0ms)
		RebuildScriptCaches (0ms)
		SetupLoadedEditorAssemblies (186ms)
			LogAssemblyErrors (0ms)
			InitializePlatformSupportModulesInManaged (8ms)
			SetLoadedEditorAssemblies (8ms)
			RefreshPlugins (0ms)
			BeforeProcessingInitializeOnLoad (2ms)
			ProcessInitializeOnLoadAttributes (126ms)
			ProcessInitializeOnLoadMethodAttributes (41ms)
			AfterProcessingInitializeOnLoad (0ms)
			EditorAssembliesLoaded (0ms)
		ExecutionOrderSort2 (0ms)
		AwakeInstancesAfterBackupRestoration (0ms)
========================================================================
Worker process is ready to serve import requests
Begin MonoManager ReloadAssembly
Symbol file LoadedFromMemory doesn't match image C:\Users\TheRe\OneDrive - UWE Bristol\SecondYear\Po3dE\Sem2\Po3DE-Unity\Library\PackageCache\com.unity.visualscripting@1.8.0\Editor\VisualScripting.Core\Dependencies\YamlDotNet\Unity.VisualScripting.YamlDotNet.dll
Symbol file LoadedFromMemory doesn't match image C:\Users\TheRe\OneDrive - UWE Bristol\SecondYear\Po3dE\Sem2\Po3DE-Unity\Library\PackageCache\com.unity.visualscripting@1.8.0\Editor\VisualScripting.Core\Dependencies\DotNetZip\Unity.VisualScripting.IonicZip.dll
- Loaded All Assemblies, in  0.730 seconds
Refreshing native plugins compatible for Editor in 3.55 ms, found 3 plugins.
Native extension for WindowsStandalone target not found
Package Manager log level set to [2]
[Package Manager] Server::EnsureServerProcessIsRunning -- launch failed, reason: Unity was launched with the -noUpm command-line argument
[Package Manager] UpmClient::Send -- Unable to send message (not connected to UPM process).
[Package Manager] Cannot connect to Unity Package Manager local server
Mono: successfully reloaded assembly
- Finished resetting the current domain, in  0.531 seconds
Domain Reload Profiling: 1257ms
	BeginReloadAssembly (129ms)
		ExecutionOrderSort (0ms)
		DisableScriptedObjects (5ms)
		BackupInstance (0ms)
		ReleaseScriptingObjects (0ms)
		CreateAndSetChildDomain (23ms)
	RebuildCommonClasses (32ms)
	RebuildNativeTypeToScriptingClass (11ms)
	initialDomainReloadingComplete (41ms)
	LoadAllAssembliesAndSetupDomain (512ms)
		LoadAssemblies (257ms)
		RebuildTransferFunctionScriptingTraits (0ms)
		AnalyzeDomain (314ms)
			TypeCache.Refresh (295ms)
				TypeCache.ScanAssembly (284ms)
			ScanForSourceGeneratedMonoScriptInfo (15ms)
			ResolveRequiredComponents (4ms)
	FinalizeReload (531ms)
		ReleaseScriptCaches (0ms)
		RebuildScriptCaches (0ms)
		SetupLoadedEditorAssemblies (393ms)
			LogAssemblyErrors (0ms)
			InitializePlatformSupportModulesInManaged (5ms)
			SetLoadedEditorAssemblies (5ms)
			RefreshPlugins (0ms)
			BeforeProcessingInitializeOnLoad (62ms)
			ProcessInitializeOnLoadAttributes (292ms)
			ProcessInitializeOnLoadMethodAttributes (22ms)
			AfterProcessingInitializeOnLoad (7ms)
			EditorAssembliesLoaded (0ms)
		ExecutionOrderSort2 (0ms)
		AwakeInstancesAfterBackupRestoration (7ms)
Launched and connected shader compiler UnityShaderCompiler.exe after 0.05 seconds
Refreshing native plugins compatible for Editor in 3.73 ms, found 3 plugins.
Preloading 0 native plugins for Editor in 0.00 ms.
Unloading 3072 Unused Serialized files (Serialized files now loaded: 0)
Unloading 31 unused Assets / (56.7 KB). Loaded Objects now: 3534.
Memory consumption went from 117.1 MB to 117.1 MB.
Total: 4.223600 ms (FindLiveObjects: 0.359500 ms CreateObjectMapping: 0.089600 ms MarkObjects: 3.606200 ms  DeleteObjects: 0.166000 ms)

AssetImportParameters requested are different than current active one (requested -> active):
  custom:container-demuxer-ogg: 62fdf1f143b41e24485cea50d1cbac27 -> 
  custom:video-decoder-ogg-theora: a1e56fd34408186e4bbccfd4996cb3dc -> 
  custom:framework-win-MediaFoundation: 216162199b28c13a410421893ffa2e32 -> 
  custom:CustomObjectIndexerAttribute: 756ad292c208cfabdd7b50bc23989ffe -> 
  custom:container-demuxer-webm: 4f35f7cbe854078d1ac9338744f61a02 -> 
  custom:container-muxer-webm: aa71ff27fc2769a1b78a27578f13a17b -> 
  custom:video-decoder-webm-vp8: 9c59270c3fd7afecdb556c50c9e8de78 -> 
  custom:SearchIndexIgnoredProperties: e643bd26f0fe6173181afceb89e7c659 -> 
  custom:AudioImporter_EditorPlatform: d09bf68614088b80899f8185d706f6e7 -> 
  custom:video-encoder-webm-vp8: eb34c28f22e8b96e1ab97ce403110664 -> 
  custom:audio-decoder-ogg-vorbis: bf7c407c2cedff20999df2af8eb42d56 -> 
  custom:audio-encoder-webm-vorbis: bf7c407c2cedff20999df2af8eb42d56 -> 
========================================================================
Received Import Request.
  Time since last request: 8129.256911 seconds.
  path: Assets/MayaAssets
  artifactKey: Guid(80441a3e79bc20d4baf0dadea519d5d5) Importer(815301076,1909f56bfc062723c751e8b465ee728b)
Start importing Assets/MayaAssets using Guid(80441a3e79bc20d4baf0dadea519d5d5) Importer(815301076,1909f56bfc062723c751e8b465ee728b)  -> (artifact id: '07892771813a8720ad9acf8cf263c0cf') in 0.002960 seconds
Number of updated asset objects reloaded before import = 0
Number of asset objects unloaded after import = 0
========================================================================
Received Import Request.
  Time since last request: 0.025400 seconds.
  path: Assets/MayaAssets/Table.fbx
  artifactKey: Guid(ef2b052eb7e0abb4dbbf5272dbc6e0c2) Importer(815301076,1909f56bfc062723c751e8b465ee728b)
Start importing Assets/MayaAssets/Table.fbx using Guid(ef2b052eb7e0abb4dbbf5272dbc6e0c2) Importer(815301076,1909f56bfc062723c751e8b465ee728b)  -> (artifact id: 'b9e5ec7ffdffd50b3ded946e4771b8dd') in 0.342853 seconds
Number of updated asset objects reloaded before import = 0
Number of asset objects unloaded after import = 30
========================================================================
Received Import Request.
  Time since last request: 49.429882 seconds.
  path: Assets/MayaAssets/Table.fbx
  artifactKey: Guid(ef2b052eb7e0abb4dbbf5272dbc6e0c2) Importer(815301076,1909f56bfc062723c751e8b465ee728b)
Start importing Assets/MayaAssets/Table.fbx using Guid(ef2b052eb7e0abb4dbbf5272dbc6e0c2) Importer(815301076,1909f56bfc062723c751e8b465ee728b)  -> (artifact id: '75ac79d1730d9b2975b60786e4362293') in 0.057656 seconds
Number of updated asset objects reloaded before import = 0
Number of asset objects unloaded after import = 30
========================================================================
Received Import Request.
  Time since last request: 1.851278 seconds.
  path: Assets/Materials/wood.mat
  artifactKey: Guid(8a5efcc6598c9a447813042553f289a5) Importer(815301076,1909f56bfc062723c751e8b465ee728b)
Start importing Assets/Materials/wood.mat using Guid(8a5efcc6598c9a447813042553f289a5) Importer(815301076,1909f56bfc062723c751e8b465ee728b)  -> (artifact id: '628d0e1c03b793b0c61a3c467deb648a') in 0.011977 seconds
Number of updated asset objects reloaded before import = 0
Number of asset objects unloaded after import = 1
========================================================================
Received Import Request.
  Time since last request: 9.073455 seconds.
  path: Assets/Materials
  artifactKey: Guid(b566f025fb9a1ba49a9579e19dcce80d) Importer(815301076,1909f56bfc062723c751e8b465ee728b)
Start importing Assets/Materials using Guid(b566f025fb9a1ba49a9579e19dcce80d) Importer(815301076,1909f56bfc062723c751e8b465ee728b)  -> (artifact id: '0c20ce4573dadce6c66a91cfdb7ec4d8') in 0.000522 seconds
Number of updated asset objects reloaded before import = 0
Number of asset objects unloaded after import = 0
========================================================================
Received Import Request.
  Time since last request: 44.550737 seconds.
  path: Assets/Materials/tableWood.mat
  artifactKey: Guid(2ea7931f65bfa4948baa248369540595) Importer(815301076,1909f56bfc062723c751e8b465ee728b)
Start importing Assets/Materials/tableWood.mat using Guid(2ea7931f65bfa4948baa248369540595) Importer(815301076,1909f56bfc062723c751e8b465ee728b)  -> (artifact id: '16212022915899c58d29275ebaeb9d59') in 0.020428 seconds
Number of updated asset objects reloaded before import = 0
Number of asset objects unloaded after import = 1
========================================================================
Received Import Request.
  Time since last request: 113.454954 seconds.
  path: Assets/Materials/Bark005_2K-JPG
  artifactKey: Guid(2b07d166afa96e847ab2e04d352e17cb) Importer(815301076,1909f56bfc062723c751e8b465ee728b)
Start importing Assets/Materials/Bark005_2K-JPG using Guid(2b07d166afa96e847ab2e04d352e17cb) Importer(815301076,1909f56bfc062723c751e8b465ee728b)  -> (artifact id: '3c27a999d29564ff19eac2454631e942') in 0.000554 seconds
Number of updated asset objects reloaded before import = 0
Number of asset objects unloaded after import = 0
========================================================================
Received Import Request.
  Time since last request: 0.952960 seconds.
  path: Assets/Materials/Planks019_2K-JPG
  artifactKey: Guid(7c3f5a432ede9604db9af7b95a8b7587) Importer(815301076,1909f56bfc062723c751e8b465ee728b)
Start importing Assets/Materials/Planks019_2K-JPG using Guid(7c3f5a432ede9604db9af7b95a8b7587) Importer(815301076,1909f56bfc062723c751e8b465ee728b)  -> (artifact id: 'eadf984097dab3663548204a0326931a') in 0.000838 seconds
Number of updated asset objects reloaded before import = 0
Number of asset objects unloaded after import = 0
========================================================================
Received Import Request.
  Time since last request: 0.784337 seconds.
  path: Assets/Materials/Porcelain001_2K-JPG
  artifactKey: Guid(fc95ef5a53a9b0948ac3534c5adf6ad5) Importer(815301076,1909f56bfc062723c751e8b465ee728b)
Start importing Assets/Materials/Porcelain001_2K-JPG using Guid(fc95ef5a53a9b0948ac3534c5adf6ad5) Importer(815301076,1909f56bfc062723c751e8b465ee728b)  -> (artifact id: '4cf8bec9a88b1cb08fa07fc21bed22c2') in 0.000554 seconds
Number of updated asset objects reloaded before import = 0
Number of asset objects unloaded after import = 0
========================================================================
Received Import Request.
  Time since last request: 0.716827 seconds.
  path: Assets/Materials/PaintedWood008C_2K-JPG
  artifactKey: Guid(013b23808530c1a448405c526597dc7d) Importer(815301076,1909f56bfc062723c751e8b465ee728b)
Start importing Assets/Materials/PaintedWood008C_2K-JPG using Guid(013b23808530c1a448405c526597dc7d) Importer(815301076,1909f56bfc062723c751e8b465ee728b)  -> (artifact id: 'ccb969d38d35778cff08cb341b596f44') in 0.000483 seconds
Number of updated asset objects reloaded before import = 0
Number of asset objects unloaded after import = 0
========================================================================
Received Import Request.
  Time since last request: 0.043637 seconds.
  path: Assets/Materials/PaintedWood008C_2K-JPG/PaintedWood008C.png
  artifactKey: Guid(fa6c042120bc03b46aa6af915d1e6a50) Importer(815301076,1909f56bfc062723c751e8b465ee728b)
Start importing Assets/Materials/PaintedWood008C_2K-JPG/PaintedWood008C.png using Guid(fa6c042120bc03b46aa6af915d1e6a50) Importer(815301076,1909f56bfc062723c751e8b465ee728b)  -> (artifact id: '83d473fb14337cb9a9ef6544d06ed088') in 0.034971 seconds
Number of updated asset objects reloaded before import = 0
Number of asset objects unloaded after import = 2
========================================================================
Received Import Request.
  Time since last request: 0.000018 seconds.
  path: Assets/Materials/PaintedWood008C_2K-JPG/PaintedWood008C_2K-JPG_Color.jpg
  artifactKey: Guid(3736965d59c4e064a83566e0847b6b57) Importer(815301076,1909f56bfc062723c751e8b465ee728b)
Start importing Assets/Materials/PaintedWood008C_2K-JPG/PaintedWood008C_2K-JPG_Color.jpg using Guid(3736965d59c4e064a83566e0847b6b57) Importer(815301076,1909f56bfc062723c751e8b465ee728b)  -> (artifact id: '38ca4822f27f654ca38ccfcd106a5c22') in 0.023685 seconds
Number of updated asset objects reloaded before import = 0
Number of asset objects unloaded after import = 2
========================================================================
Received Import Request.
  Time since last request: 0.000029 seconds.
  path: Assets/Materials/PaintedWood008C_2K-JPG/PaintedWood008C_2K-JPG_Roughness.jpg
  artifactKey: Guid(6214f2743407a1d46889fc93454795ee) Importer(815301076,1909f56bfc062723c751e8b465ee728b)
Start importing Assets/Materials/PaintedWood008C_2K-JPG/PaintedWood008C_2K-JPG_Roughness.jpg using Guid(6214f2743407a1d46889fc93454795ee) Importer(815301076,1909f56bfc062723c751e8b465ee728b)  -> (artifact id: 'dfca9356e6760e8b9f792d9594362bd1') in 0.023160 seconds
Number of updated asset objects reloaded before import = 0
Number of asset objects unloaded after import = 2
========================================================================
Received Import Request.
  Time since last request: 0.000032 seconds.
  path: Assets/Materials/PaintedWood008C_2K-JPG/PaintedWood008C_2K-JPG_Displacement.jpg
  artifactKey: Guid(68a62ae63a60afd4b8dc90bb57a06bf6) Importer(815301076,1909f56bfc062723c751e8b465ee728b)
Start importing Assets/Materials/PaintedWood008C_2K-JPG/PaintedWood008C_2K-JPG_Displacement.jpg using Guid(68a62ae63a60afd4b8dc90bb57a06bf6) Importer(815301076,1909f56bfc062723c751e8b465ee728b)  -> (artifact id: '8a1881851b4e8e83e5e1595d723858b1') in 0.019336 seconds
Number of updated asset objects reloaded before import = 0
Number of asset objects unloaded after import = 2
========================================================================
Received Import Request.
  Time since last request: 0.000028 seconds.
  path: Assets/Materials/PaintedWood008C_2K-JPG/PaintedWood008C_2K-JPG_NormalGL.jpg
  artifactKey: Guid(4f89c1aeeb897a742b3c9fffd2027848) Importer(815301076,1909f56bfc062723c751e8b465ee728b)
Start importing Assets/Materials/PaintedWood008C_2K-JPG/PaintedWood008C_2K-JPG_NormalGL.jpg using Guid(4f89c1aeeb897a742b3c9fffd2027848) Importer(815301076,1909f56bfc062723c751e8b465ee728b)  -> (artifact id: 'fcc0cf993a1f7e0cadd945f60e867c23') in 0.019862 seconds
Number of updated asset objects reloaded before import = 0
Number of asset objects unloaded after import = 2
Editor requested this worker to shutdown with reason: Scaling down because of idle timeout
TcpMessagingSession - receive error: operation aborted. errorcode: 995, details: The I/O operation has been aborted because of either a thread exit or an application request.
AssetImportWorker is now disconnected from the server
Process exiting
Exiting without the bug reporter. Application will terminate with return code 0